2025-01-30T21:16:18.662+09:00  INFO 71878 --- [main] com.example.spark.SparkApplication       : Starting SparkApplication using Java 17.0.5 with PID 71878 (/Users/dori/Desktop/Spark/Spark/build/classes/java/main started by dori in /Users/dori/Desktop/Spark/Spark)
2025-01-30T21:16:18.666+09:00  INFO 71878 --- [main] com.example.spark.SparkApplication       : No active profile set, falling back to 1 default profile: "default"
2025-01-30T21:16:19.876+09:00  INFO 71878 --- [main] o.s.b.w.embedded.tomcat.TomcatWebServer  : Tomcat initialized with port 8080 (http)
2025-01-30T21:16:19.883+09:00  INFO 71878 --- [main] o.apache.catalina.core.StandardService   : Starting service [Tomcat]
2025-01-30T21:16:19.883+09:00  INFO 71878 --- [main] o.apache.catalina.core.StandardEngine    : Starting Servlet engine: [Apache Tomcat/10.1.34]
2025-01-30T21:16:19.910+09:00  INFO 71878 --- [main] o.a.c.c.C.[Tomcat].[localhost].[/api]    : Initializing Spring embedded WebApplicationContext
2025-01-30T21:16:19.910+09:00  INFO 71878 --- [main] w.s.c.ServletWebServerApplicationContext : Root WebApplicationContext: initialization completed in 1202 ms
2025-01-30T21:16:20.482+09:00  INFO 71878 --- [main] o.s.b.a.e.web.EndpointLinksResolver      : Exposing 15 endpoints beneath base path '/actuator'
2025-01-30T21:16:20.564+09:00  WARN 71878 --- [main] ion$DefaultTemplateResolverConfiguration : Cannot find template location: classpath:/templates/ (please add some templates, check your Thymeleaf configuration, or set spring.thymeleaf.check-template-location=false)
2025-01-30T21:16:20.701+09:00  INFO 71878 --- [main] o.s.b.w.embedded.tomcat.TomcatWebServer  : Tomcat started on port 8080 (http) with context path '/api'
2025-01-30T21:16:20.713+09:00  INFO 71878 --- [main] com.example.spark.SparkApplication       : Started SparkApplication in 2.552 seconds (process running for 3.306)
2025-01-30T21:16:21.304+09:00  INFO 71878 --- [RMI TCP Connection(5)-127.0.0.1] o.a.c.c.C.[Tomcat].[localhost].[/api]    : Initializing Spring DispatcherServlet 'dispatcherServlet'
2025-01-30T21:16:21.305+09:00  INFO 71878 --- [RMI TCP Connection(5)-127.0.0.1] o.s.web.servlet.DispatcherServlet        : Initializing Servlet 'dispatcherServlet'
2025-01-30T21:16:21.306+09:00  INFO 71878 --- [RMI TCP Connection(5)-127.0.0.1] o.s.web.servlet.DispatcherServlet        : Completed initialization in 1 ms
2025-01-30T21:16:45.413+09:00  INFO 71878 --- [SpringApplicationShutdownHook] o.s.b.w.e.tomcat.GracefulShutdown        : Commencing graceful shutdown. Waiting for active requests to complete
2025-01-30T21:16:45.429+09:00  INFO 71878 --- [tomcat-shutdown] o.s.b.w.e.tomcat.GracefulShutdown        : Graceful shutdown complete
2025-01-30T21:16:47.453+09:00  INFO 71899 --- [main] com.example.spark.SparkApplication       : Starting SparkApplication using Java 17.0.5 with PID 71899 (/Users/dori/Desktop/Spark/Spark/build/classes/java/main started by dori in /Users/dori/Desktop/Spark/Spark)
2025-01-30T21:16:47.454+09:00  INFO 71899 --- [main] com.example.spark.SparkApplication       : No active profile set, falling back to 1 default profile: "default"
2025-01-30T21:16:48.178+09:00  INFO 71899 --- [main] o.s.b.w.embedded.tomcat.TomcatWebServer  : Tomcat initialized with port 8080 (http)
2025-01-30T21:16:48.186+09:00  INFO 71899 --- [main] o.apache.catalina.core.StandardService   : Starting service [Tomcat]
2025-01-30T21:16:48.187+09:00  INFO 71899 --- [main] o.apache.catalina.core.StandardEngine    : Starting Servlet engine: [Apache Tomcat/10.1.34]
2025-01-30T21:16:48.213+09:00  INFO 71899 --- [main] o.a.c.c.C.[Tomcat].[localhost].[/api]    : Initializing Spring embedded WebApplicationContext
2025-01-30T21:16:48.213+09:00  INFO 71899 --- [main] w.s.c.ServletWebServerApplicationContext : Root WebApplicationContext: initialization completed in 737 ms
2025-01-30T21:16:48.738+09:00  INFO 71899 --- [main] o.s.b.a.e.web.EndpointLinksResolver      : Exposing 15 endpoints beneath base path '/actuator'
2025-01-30T21:16:48.814+09:00  WARN 71899 --- [main] ion$DefaultTemplateResolverConfiguration : Cannot find template location: classpath:/templates/ (please add some templates, check your Thymeleaf configuration, or set spring.thymeleaf.check-template-location=false)
2025-01-30T21:16:48.934+09:00  INFO 71899 --- [main] o.s.b.w.embedded.tomcat.TomcatWebServer  : Tomcat started on port 8080 (http) with context path '/api'
2025-01-30T21:16:48.945+09:00  INFO 71899 --- [main] com.example.spark.SparkApplication       : Started SparkApplication in 1.706 seconds (process running for 2.11)
2025-01-30T21:16:49.368+09:00  INFO 71899 --- [RMI TCP Connection(3)-127.0.0.1] o.a.c.c.C.[Tomcat].[localhost].[/api]    : Initializing Spring DispatcherServlet 'dispatcherServlet'
2025-01-30T21:16:49.368+09:00  INFO 71899 --- [RMI TCP Connection(3)-127.0.0.1] o.s.web.servlet.DispatcherServlet        : Initializing Servlet 'dispatcherServlet'
2025-01-30T21:16:49.369+09:00  INFO 71899 --- [RMI TCP Connection(3)-127.0.0.1] o.s.web.servlet.DispatcherServlet        : Completed initialization in 1 ms
2025-01-30T21:26:21.102+09:00  INFO 71899 --- [http-nio-8080-exec-2] o.springdoc.api.AbstractOpenApiResource  : Init duration for springdoc-openapi is: 163 ms
2025-01-30T21:40:41.392+09:00  INFO 71899 --- [SpringApplicationShutdownHook] o.s.b.w.e.tomcat.GracefulShutdown        : Commencing graceful shutdown. Waiting for active requests to complete
2025-01-30T21:40:41.431+09:00  INFO 71899 --- [tomcat-shutdown] o.s.b.w.e.tomcat.GracefulShutdown        : Graceful shutdown complete
2025-01-30T21:40:54.437+09:00  INFO 72563 --- [main] com.example.spark.SparkApplication       : Starting SparkApplication using Java 17.0.5 with PID 72563 (/Users/dori/Desktop/Spark/Spark/build/classes/java/main started by dori in /Users/dori/Desktop/Spark/Spark)
2025-01-30T21:40:54.439+09:00  INFO 72563 --- [main] com.example.spark.SparkApplication       : No active profile set, falling back to 1 default profile: "default"
2025-01-30T21:40:55.347+09:00  INFO 72563 --- [main] o.s.b.w.embedded.tomcat.TomcatWebServer  : Tomcat initialized with port 8080 (http)
2025-01-30T21:40:55.354+09:00  INFO 72563 --- [main] o.apache.catalina.core.StandardService   : Starting service [Tomcat]
2025-01-30T21:40:55.354+09:00  INFO 72563 --- [main] o.apache.catalina.core.StandardEngine    : Starting Servlet engine: [Apache Tomcat/10.1.34]
2025-01-30T21:40:55.383+09:00  INFO 72563 --- [main] o.a.c.c.C.[Tomcat].[localhost].[/api]    : Initializing Spring embedded WebApplicationContext
2025-01-30T21:40:55.383+09:00  INFO 72563 --- [main] w.s.c.ServletWebServerApplicationContext : Root WebApplicationContext: initialization completed in 926 ms
2025-01-30T21:40:56.052+09:00  INFO 72563 --- [main] o.s.b.a.e.web.EndpointLinksResolver      : Exposing 15 endpoints beneath base path '/actuator'
2025-01-30T21:40:56.137+09:00  WARN 72563 --- [main] ion$DefaultTemplateResolverConfiguration : Cannot find template location: classpath:/templates/ (please add some templates, check your Thymeleaf configuration, or set spring.thymeleaf.check-template-location=false)
2025-01-30T21:40:56.276+09:00  INFO 72563 --- [main] o.s.b.w.embedded.tomcat.TomcatWebServer  : Tomcat started on port 8080 (http) with context path '/api'
2025-01-30T21:40:56.287+09:00  INFO 72563 --- [main] com.example.spark.SparkApplication       : Started SparkApplication in 2.165 seconds (process running for 3.662)
2025-01-30T21:40:56.892+09:00  INFO 72563 --- [RMI TCP Connection(1)-127.0.0.1] o.a.c.c.C.[Tomcat].[localhost].[/api]    : Initializing Spring DispatcherServlet 'dispatcherServlet'
2025-01-30T21:40:56.892+09:00  INFO 72563 --- [RMI TCP Connection(1)-127.0.0.1] o.s.web.servlet.DispatcherServlet        : Initializing Servlet 'dispatcherServlet'
2025-01-30T21:40:56.893+09:00  INFO 72563 --- [RMI TCP Connection(1)-127.0.0.1] o.s.web.servlet.DispatcherServlet        : Completed initialization in 1 ms
2025-01-30T21:42:42.614+09:00  INFO 72563 --- [SpringApplicationShutdownHook] o.s.b.w.e.tomcat.GracefulShutdown        : Commencing graceful shutdown. Waiting for active requests to complete
2025-01-30T21:42:42.642+09:00  INFO 72563 --- [tomcat-shutdown] o.s.b.w.e.tomcat.GracefulShutdown        : Graceful shutdown complete
